<?xml version="1.0" encoding="UTF-8"?>
<!-- Generated by org.testng.reporters.JUnitReportReporter -->
<testsuite hostname="W10CG753X2" failures="0" tests="5" name="Blazedemo.blazedemo.testcases.Booking" time="1.553" errors="0" timestamp="2021-12-19T23:51:13 IST" skipped="3">
  <testcase classname="Blazedemo.blazedemo.testcases.Booking" name="verifyTitleOfThePage" time="0.047"/>
  <system-out/>
  <testcase classname="Blazedemo.blazedemo.testcases.Booking" name="submitFindFlights" time="1.506"/>
  <system-out/>
  <testcase classname="Blazedemo.blazedemo.testcases.Booking" name="fillReservationForm" time="0.000">
    <skipped/>
  </testcase> <!-- fillReservationForm -->
  <system-out/>
  <testcase classname="Blazedemo.blazedemo.testcases.Booking" name="captureSuccessMessage" time="0.000">
    <skipped/>
  </testcase> <!-- captureSuccessMessage -->
  <system-out/>
  <testcase classname="Blazedemo.blazedemo.testcases.Booking" name="assertConfirmationId" time="0.000">
    <skipped/>
  </testcase> <!-- assertConfirmationId -->
  <system-out/>
</testsuite> <!-- Blazedemo.blazedemo.testcases.Booking -->
