<?xml version="1.0" encoding="UTF-8"?>
<!-- Generated by org.testng.reporters.JUnitReportReporter -->
<testsuite hostname="W10CG753X2" failures="0" tests="5" name="Blazedemo.blazedemo.testcases.Booking" time="3.861" errors="0" timestamp="2021-12-19T23:56:09 IST" skipped="0">
  <testcase classname="Blazedemo.blazedemo.testcases.Booking" name="verifyTitleOfThePage" time="0.041"/>
  <system-out/>
  <testcase classname="Blazedemo.blazedemo.testcases.Booking" name="submitFindFlights" time="2.363"/>
  <system-out/>
  <testcase classname="Blazedemo.blazedemo.testcases.Booking" name="fillReservationForm" time="1.395"/>
  <system-out/>
  <testcase classname="Blazedemo.blazedemo.testcases.Booking" name="captureSuccessMessage" time="0.036"/>
  <system-out/>
  <testcase classname="Blazedemo.blazedemo.testcases.Booking" name="assertConfirmationId" time="0.026"/>
  <system-out/>
</testsuite> <!-- Blazedemo.blazedemo.testcases.Booking -->
