<?xml version="1.0" encoding="UTF-8"?>
<!-- Generated by org.testng.reporters.JUnitReportReporter -->
<testsuite hostname="W10CG753X2" failures="0" tests="5" name="Blazedemo.blazedemo.testcases.Booking" time="2.982" errors="0" timestamp="2021-12-19T22:41:01 IST" skipped="0">
  <testcase classname="Blazedemo.blazedemo.testcases.Booking" name="verifyTitleOfThePage" time="0.067"/>
  <system-out/>
  <testcase classname="Blazedemo.blazedemo.testcases.Booking" name="submitFindFlights" time="1.625"/>
  <system-out/>
  <testcase classname="Blazedemo.blazedemo.testcases.Booking" name="fillReservationForm" time="1.228"/>
  <system-out/>
  <testcase classname="Blazedemo.blazedemo.testcases.Booking" name="captureSuccessMessage" time="0.035"/>
  <system-out/>
  <testcase classname="Blazedemo.blazedemo.testcases.Booking" name="assertConfirmationId" time="0.027"/>
  <system-out/>
</testsuite> <!-- Blazedemo.blazedemo.testcases.Booking -->
